/usr/synopsys/SYN/auxx/gui/dv/dv_setup.tcl
/usr/synopsys/SYN/auxx/gui/syn/snpsSynProcs.tcl
/usr/synopsys/SYN/auxx/gui/syn/layout/pkgIndex.tcl
/usr/synopsys/SYN/auxx/gui/common/qtcl/pkgIndex.tcl
/usr/synopsys/SYN/auxx/gui/common/view/pkgIndex.tcl
/usr/synopsys/SYN/auxx/gui/common/setup/pkgIndex.tcl
/usr/synopsys/SYN/auxx/gui/common/strokes/pkgIndex.tcl
/usr/synopsys/SYN/auxx/gui/common/docBrowser/pkgIndex.tcl
/usr/synopsys/SYN/auxx/gui/common/tq/pkgIndex.tcl
/usr/synopsys/SYN/auxx/gui/common/acg/pkgIndex.tcl
/usr/synopsys/SYN/auxx/gui/common/profiler/pkgIndex.tcl
/usr/synopsys/SYN/auxx/gui/common/hierarchy/pkgIndex.tcl
/usr/synopsys/SYN/auxx/gui/common/WindowFrameWork/pkgIndex.tcl
/usr/synopsys/SYN/auxx/gui/common/misc/pkgIndex.tcl
/usr/synopsys/SYN/auxx/gui/common/menus/pkgIndex.tcl
/usr/synopsys/SYN/auxx/gui/common/palettegroup/pkgIndex.tcl
/usr/synopsys/SYN/auxx/gui/common/pathinspector/pkgIndex.tcl
/usr/synopsys/SYN/auxx/gui/common/highlight/pkgIndex.tcl
/usr/synopsys/SYN/auxx/gui/common/dialogs/pkgIndex.tcl
/usr/synopsys/SYN/auxx/gui/common/libviewer/pkgIndex.tcl
/usr/synopsys/SYN/auxx/gui/common/opdlg/pkgIndex.tcl
/usr/synopsys/SYN/auxx/gui/common/histogram/pkgIndex.tcl
/usr/synopsys/SYN/auxx/gui/common/fanoutviewer/pkgIndex.tcl
/usr/synopsys/SYN/auxx/gui/common/commandform/pkgIndex.tcl
/usr/synopsys/SYN/auxx/gui/common/select/pkgIndex.tcl
/usr/synopsys/SYN/auxx/gui/common/tcl-dp/pkgIndex.tcl
/usr/synopsys/SYN/auxx/gui/common/timing/pkgIndex.tcl
/usr/synopsys/SYN/auxx/gui/common/tiledview/pkgIndex.tcl
/usr/synopsys/SYN/auxx/gui/common/layout/pkgIndex.tcl
/usr/synopsys/SYN/auxx/gui/common/regressionToolkit/pkgIndex.tcl
/usr/synopsys/SYN/auxx/gui/common/schematic/pkgIndex.tcl
/usr/synopsys/SYN/auxx/gui/common/table/pkgIndex.tcl
/usr/synopsys/SYN/auxx/gui/common/mrupalette/pkgIndex.tcl
/usr/synopsys/SYN/auxx/gui/dv/pkgIndex.tcl
/usr/synopsys/SYN/auxx/syn/lib/pkgIndex.tcl
/usr/synopsys/SYN/auxx/tcllib/lib/iwidgets4.1/pkgIndex.tcl
/usr/synopsys/SYN/auxx/tcllib/snps_tcl/snpsUtils/pkgIndex.tcl
/usr/synopsys/SYN/auxx/tcllib/snps_tcl/snpsTclPro/pkgIndex.tcl
/usr/synopsys/SYN/auxx/tcllib/snps_tcl/snpsTest/pkgIndex.tcl
/usr/synopsys/SYN/auxx/tcllib/snps_tcl/pkgIndex.tcl
/usr/synopsys/SYN/auxx/tcllib/lib/tcl8.6/dde/pkgIndex.tcl
/usr/synopsys/SYN/auxx/tcllib/lib/tcl8.6/tcltest/pkgIndex.tcl
/usr/synopsys/SYN/auxx/tcllib/lib/tcl8.6/opt/pkgIndex.tcl
/usr/synopsys/SYN/auxx/tcllib/lib/tcl8.6/http/pkgIndex.tcl
/usr/synopsys/SYN/auxx/tcllib/lib/tcl8.6/msgcat/pkgIndex.tcl
/usr/synopsys/SYN/auxx/tcllib/lib/tcl8.6/platform/pkgIndex.tcl
/usr/synopsys/SYN/auxx/tcllib/lib/tcl8.6/reg/pkgIndex.tcl
/usr/synopsys/SYN/auxx/tcllib/lib/tcl8.6/http1.0/pkgIndex.tcl
/usr/synopsys/SYN/auxx/gui/common/setup/snpsCommonSetup.tcl
/usr/synopsys/SYN/auxx/gui/common/setup/snpsCustomize.tcl
/usr/synopsys/SYN/auxx/gui/common/setup/snpsProcheck.tcl
/usr/synopsys/SYN/auxx/gui/common/qtcl/.synopsys_qtcl.tcl
/usr/synopsys/SYN/auxx/gui/common/highlight/highlight.tcl
/usr/synopsys/SYN/auxx/gui/common/misc/base.tcl
/usr/synopsys/SYN/auxx/gui/common/misc/timing.tcl
/usr/synopsys/SYN/auxx/gui/common/misc/setting.tcl
/usr/synopsys/SYN/auxx/gui/common/misc/preset.tcl
/usr/synopsys/SYN/auxx/gui/common/WindowFrameWork/windowFrameWork.tcl
/usr/synopsys/SYN/auxx/gui/common/WindowFrameWork/skipBusyCursorCmdList.tcl
/usr/synopsys/SYN/auxx/gui/common/docBrowser/docBrowser.tcl
/usr/synopsys/SYN/auxx/tcllib/snps_tcl/snpsUtils/snpsUtils.tcl
/usr/synopsys/SYN/auxx/gui/common/dialogs/ObjectChooser.tcl
/usr/synopsys/SYN/auxx/gui/common/misc/DialogObjectChooser.tcl
/usr/synopsys/SYN/auxx/gui/common/dialogs/HistBinInformation.tcl
/usr/synopsys/SYN/auxx/gui/common/dialogs/HistBin1Information.tcl
/usr/synopsys/SYN/auxx/gui/common/dialogs/BinsOnlyInformation.tcl
/usr/synopsys/SYN/auxx/gui/common/dialogs/FileChooser.tcl
/usr/synopsys/SYN/auxx/gui/common/dialogs/PathPinSimpleInfo.tcl
/usr/synopsys/SYN/auxx/gui/common/dialogs/PathsBasicInfo.tcl
/usr/synopsys/SYN/auxx/gui/common/dialogs/PathsBasicSimpleInfo.tcl
/usr/synopsys/SYN/auxx/gui/common/dialogs/SlctOperationInfo.tcl
/usr/synopsys/SYN/auxx/gui/common/dialogs/ObjectListInfo.tcl
/usr/synopsys/SYN/auxx/gui/common/dialogs/FanInOutInfo.tcl
/usr/synopsys/SYN/auxx/gui/common/dialogs/NumberOfLevelsChooser.tcl
/usr/synopsys/SYN/auxx/gui/common/dialogs/WindowReuseInfo.tcl
/usr/synopsys/SYN/auxx/gui/common/dialogs/ReportOutputOptionInfo.tcl
/usr/synopsys/SYN/auxx/gui/common/setup/snpsCollections.tcl
/usr/synopsys/SYN/auxx/gui/common/dialogs/CompileLinkDesign.tcl
/usr/synopsys/SYN/auxx/gui/common/histogram/DialogEndpointSlack.tcl
/usr/synopsys/SYN/auxx/gui/common/histogram/DialogPathsSlack.tcl
/usr/synopsys/SYN/auxx/gui/common/histogram/DialogNetCapacitance.tcl
/usr/synopsys/SYN/auxx/gui/common/schematic/DialogPathSchematicFanInOut.tcl
/usr/synopsys/SYN/auxx/gui/common/schematic/DialogPathSchematicAddPaths.tcl
/home/espanol/RSSA_DC/bitfusion/dc_bitfusion.tcl
/home/espanol/RSSA_DC/bitfusion/accumulator.v
/home/espanol/RSSA_DC/bitfusion/bitbrick_shift.v
/home/espanol/RSSA_DC/bitfusion/bitbrick.v
/home/espanol/RSSA_DC/bitfusion/BitFusion_column.v
/home/espanol/RSSA_DC/bitfusion/Buffer_32bit.v
/home/espanol/RSSA_DC/bitfusion/Input_MUX_REG.v
/home/espanol/RSSA_DC/bitfusion/PE_adder.v
/home/espanol/RSSA_DC/bitfusion/PE_register.v
/home/espanol/RSSA_DC/bitfusion/PE.v
/home/espanol/RSSA_DC/bitfusion/signed3bit_MUL.v
/home/espanol/RSSA_DC/bitfusion/top.v
/home/espanol/RSSA_DC/bitfusion/Weight_MUX_REG.v
/home/espanol/libraries/SAED32_EDK_01132015/lib/stdcell_hvt/db_nldm/saed32hvt_ss0p95v125c.db
/home/espanol/libraries/SAED32_EDK_01132015/lib/pll/db_nldm/saed32pll_ss0p95v125c_2p25v.db
/home/espanol/libraries/SAED32_EDK_01132015/lib/io_std/db_nldm/saed32io_fc_ss0p95v125c_2p25v.db
/usr/synopsys/SYN/libraries/syn/dw_foundation.sldb
/usr/synopsys/SYN/libraries/syn/gtech.db
/usr/synopsys/SYN/libraries/syn/standard.sldb
/home/espanol/libraries/SAED32_EDK_01132015/lib/stdcell_hvt/db_nldm/saed32hvt_ss0p95v125c.db
/home/espanol/RSSA_DC/bitfusion/alib-52/saed32hvt_ss0p95v125c.db.alib
/home/espanol/libraries/SAED32_EDK_01132015/lib/pll/db_nldm/saed32pll_ss0p95v125c_2p25v.db
/home/espanol/RSSA_DC/bitfusion/alib-52/saed32pll_ss0p95v125c_2p25v.db.alib
/home/espanol/libraries/SAED32_EDK_01132015/lib/io_std/db_nldm/saed32io_fc_ss0p95v125c_2p25v.db
/home/espanol/RSSA_DC/bitfusion/alib-52/saed32io_fc_ss0p95v125c_2p25v.db.alib
/home/espanol/libraries/SAED32_EDK_01132015/lib/stdcell_hvt/db_nldm/saed32hvt_ss0p95v125c.db
/home/espanol/libraries/SAED32_EDK_01132015/lib/pll/db_nldm/saed32pll_ss0p95v125c_2p25v.db
/home/espanol/libraries/SAED32_EDK_01132015/lib/io_std/db_nldm/saed32io_fc_ss0p95v125c_2p25v.db
/home/espanol/RSSA_DC/bitfusion/alib-52/saed32hvt_ss0p95v125c.db.alib
/home/espanol/RSSA_DC/bitfusion/alib-52/saed32pll_ss0p95v125c_2p25v.db.alib
/home/espanol/RSSA_DC/bitfusion/alib-52/saed32io_fc_ss0p95v125c_2p25v.db.alib
/home/espanol/synopsys_cache_N-2017.09-SP3/DW01/DW01_NAND2/str/saed32hvt_ss0p95v125c_5556/element.ddc
/home/espanol/libraries/SAED32_EDK_01132015/lib/stdcell_hvt/db_nldm/saed32hvt_ss0p95v125c.db
/home/espanol/libraries/SAED32_EDK_01132015/lib/pll/db_nldm/saed32pll_ss0p95v125c_2p25v.db
/home/espanol/libraries/SAED32_EDK_01132015/lib/io_std/db_nldm/saed32io_fc_ss0p95v125c_2p25v.db
