
                           Design Compiler Graphical 
                                 DC Ultra (TM)
                                  DFTMAX (TM)
                              Power Compiler (TM)
                                 DesignWare (R)
                                 DC Expert (TM)
                               Design Vision (TM)
                               HDL Compiler (TM)
                               VHDL Compiler (TM)
                                  DFT Compiler
                               Design Compiler(R)

               Version N-2017.09-SP3 for linux64 - Jan 18, 2018 

                    Copyright (c) 1988 - 2018 Synopsys, Inc.
   This software and the associated documentation are proprietary to Synopsys,
 Inc. This software may only be used in accordance with the terms and conditions
 of a written license agreement with Synopsys, Inc. All other use, reproduction,
            or distribution of this software is strictly prohibited.
Initializing...
Initializing gui preferences from file  /home/espanol/.synopsys_dv_prefs.tcl
set_host_options -max_cores 16
1
set search_path [list .]
.
set edk_home /home/espanol/libraries/PDKS/SAED32_EDK_12162019/
/home/espanol/libraries/PDKS/SAED32_EDK_12162019/
set io_dir $edk_home/lib/io_std
/home/espanol/libraries/PDKS/SAED32_EDK_12162019//lib/io_std
set pll_dir $edk_home/lib/pll
/home/espanol/libraries/PDKS/SAED32_EDK_12162019//lib/pll
set stdcell_dir $edk_home/lib/stdcell_hvt
/home/espanol/libraries/PDKS/SAED32_EDK_12162019//lib/stdcell_hvt
set io_db_dir $io_dir/db_nldm
/home/espanol/libraries/PDKS/SAED32_EDK_12162019//lib/io_std/db_nldm
set pll_db_dir $pll_dir/db_nldm
/home/espanol/libraries/PDKS/SAED32_EDK_12162019//lib/pll/db_nldm
set stdcell_db_dir $stdcell_dir/db_nldm
/home/espanol/libraries/PDKS/SAED32_EDK_12162019//lib/stdcell_hvt/db_nldm
set synthetic_library dw_foundation.sldb
dw_foundation.sldb
set link_library "*  $stdcell_db_dir/saed32hvt_ss0p95v125c.db   $pll_db_dir/saed32pll_ss0p95v125c_2p25v.db  $io_db_dir/saed32io_fc_ss0p95v125c_2p25v.db     $synthetic_library"
*  /home/espanol/libraries/PDKS/SAED32_EDK_12162019//lib/stdcell_hvt/db_nldm/saed32hvt_ss0p95v125c.db   /home/espanol/libraries/PDKS/SAED32_EDK_12162019//lib/pll/db_nldm/saed32pll_ss0p95v125c_2p25v.db  /home/espanol/libraries/PDKS/SAED32_EDK_12162019//lib/io_std/db_nldm/saed32io_fc_ss0p95v125c_2p25v.db     dw_foundation.sldb
set target_library "  $stdcell_db_dir/saed32hvt_ss0p95v125c.db  $pll_db_dir/saed32pll_ss0p95v125c_2p25v.db   $io_db_dir/saed32io_fc_ss0p95v125c_2p25v.db  "
  /home/espanol/libraries/PDKS/SAED32_EDK_12162019//lib/stdcell_hvt/db_nldm/saed32hvt_ss0p95v125c.db  /home/espanol/libraries/PDKS/SAED32_EDK_12162019//lib/pll/db_nldm/saed32pll_ss0p95v125c_2p25v.db   /home/espanol/libraries/PDKS/SAED32_EDK_12162019//lib/io_std/db_nldm/saed32io_fc_ss0p95v125c_2p25v.db  
sh rm -rf ./WORK
define_design_lib WORK -path WORK
1
set SOURCE_FILES {
    ./PE.v
    ./PE_adder.v
    ./FA.v
    ./HA.v
    ./bitbrick_shift.v
    ./bitbrick.v
    ./signed3bit_MUL.v
}

    ./PE.v
    ./PE_adder.v
    ./FA.v
    ./HA.v
    ./bitbrick_shift.v
    ./bitbrick.v
    ./signed3bit_MUL.v

# ./Input_MUX_REG.v
# ./PE_register.v
# ./accumulator.v
# ./Buffer_32bit.v
# ./BitFusion_column.v
# ./Weight_MUX_REG.v
analyze -format verilog $SOURCE_FILES -library WORK
Running PRESTO HDLC
Compiling source file ./PE.v
Compiling source file ./PE_adder.v
Compiling source file ./FA.v
Compiling source file ./HA.v
Compiling source file ./bitbrick_shift.v
Compiling source file ./bitbrick.v
Compiling source file ./signed3bit_MUL.v
Presto compilation completed successfully.
Loading db file '/home/espanol/libraries/PDKS/SAED32_EDK_12162019/lib/stdcell_hvt/db_nldm/saed32hvt_ss0p95v125c.db'
Loading db file '/home/espanol/libraries/PDKS/SAED32_EDK_12162019/lib/pll/db_nldm/saed32pll_ss0p95v125c_2p25v.db'
Loading db file '/home/espanol/libraries/PDKS/SAED32_EDK_12162019/lib/io_std/db_nldm/saed32io_fc_ss0p95v125c_2p25v.db'
Loading db file '/usr/synopsys/SYN/libraries/syn/dw_foundation.sldb'
1
elaborate PE
Loading db file '/usr/synopsys/SYN/libraries/syn/gtech.db'
Loading db file '/usr/synopsys/SYN/libraries/syn/standard.sldb'
  Loading link library 'saed32hvt_ss0p95v125c'
  Loading link library 'saed32pll_ss0p95v125c_2p25v'
  Loading link library 'saed32io_fc_ss0p95v125c_2p25v'
  Loading link library 'gtech'
Running PRESTO HDLC
Presto compilation completed successfully.
Elaborated 1 design.
Current design is now 'PE'.
Information: Building the design 'bitbrick'. (HDL-193)
Presto compilation completed successfully.
Information: Building the design 'bitbrick_shift'. (HDL-193)
Presto compilation completed successfully.
Information: Building the design 'PE_adder'. (HDL-193)
Presto compilation completed successfully.
Information: Building the design 'signed_3bit_MUL'. (HDL-193)
Presto compilation completed successfully.
Information: Building the design 'HA'. (HDL-193)
Presto compilation completed successfully.
Information: Building the design 'FA'. (HDL-193)
Presto compilation completed successfully.
1
set reports_dir reports
reports
set final_reports_dir final_reports
final_reports
set design_dir designs
designs
if { ! [ file exists $reports_dir ] } {
	file mkdir $reports_dir
}
if { ! [ file exists $final_reports_dir ] } {
	file mkdir $final_reports_dir
}
if { ! [ file exists $design_dir] } {
	file mkdir $design_dir
}
# set current_design top
link

  Linking design 'PE'
  Using the following designs and libraries:
  --------------------------------------------------------------------------
  * (7 designs)               /home/espanol/RSSA_DC/bitfusion/PE.db, etc
  saed32hvt_ss0p95v125c (library) /home/espanol/libraries/PDKS/SAED32_EDK_12162019/lib/stdcell_hvt/db_nldm/saed32hvt_ss0p95v125c.db
  saed32pll_ss0p95v125c_2p25v (library) /home/espanol/libraries/PDKS/SAED32_EDK_12162019/lib/pll/db_nldm/saed32pll_ss0p95v125c_2p25v.db
  saed32io_fc_ss0p95v125c_2p25v (library) /home/espanol/libraries/PDKS/SAED32_EDK_12162019/lib/io_std/db_nldm/saed32io_fc_ss0p95v125c_2p25v.db
  dw_foundation.sldb (library) /usr/synopsys/SYN/libraries/syn/dw_foundation.sldb

1
create_clock clk -period 3
1
ungroup -all -flatten
Information: Changed wire load model for 'PE_adder' from '(none)' to 'ForQA'. (OPT-170)
Information: Changed wire load model for 'bitbrick_shift' from '(none)' to 'ForQA'. (OPT-170)
Information: Changed wire load model for 'FA' from '(none)' to 'ForQA'. (OPT-170)
Information: Changed wire load model for 'HA' from '(none)' to 'ForQA'. (OPT-170)
Information: Changed wire load model for 'HA' from '(none)' to 'ForQA'. (OPT-170)
Information: Changed wire load model for 'FA' from '(none)' to 'ForQA'. (OPT-170)
Information: Changed wire load model for 'FA' from '(none)' to 'ForQA'. (OPT-170)
Information: Changed wire load model for 'HA' from '(none)' to 'ForQA'. (OPT-170)
Information: Changed wire load model for 'signed_3bit_MUL' from '(none)' to 'ForQA'. (OPT-170)
Information: Changed wire load model for 'bitbrick' from '(none)' to 'ForQA'. (OPT-170)
Information: Changed wire load model for 'bitbrick_shift' from '(none)' to 'ForQA'. (OPT-170)
Information: Changed wire load model for 'FA' from '(none)' to 'ForQA'. (OPT-170)
Information: Changed wire load model for 'HA' from '(none)' to 'ForQA'. (OPT-170)
Information: Changed wire load model for 'HA' from '(none)' to 'ForQA'. (OPT-170)
Information: Changed wire load model for 'FA' from '(none)' to 'ForQA'. (OPT-170)
Information: Changed wire load model for 'FA' from '(none)' to 'ForQA'. (OPT-170)
Information: Changed wire load model for 'HA' from '(none)' to 'ForQA'. (OPT-170)
Information: Changed wire load model for 'signed_3bit_MUL' from '(none)' to 'ForQA'. (OPT-170)
Information: Changed wire load model for 'bitbrick' from '(none)' to 'ForQA'. (OPT-170)
Information: Changed wire load model for 'bitbrick_shift' from '(none)' to 'ForQA'. (OPT-170)
Information: Changed wire load model for 'FA' from '(none)' to 'ForQA'. (OPT-170)
Information: Changed wire load model for 'HA' from '(none)' to 'ForQA'. (OPT-170)
Information: Changed wire load model for 'HA' from '(none)' to 'ForQA'. (OPT-170)
Information: Changed wire load model for 'FA' from '(none)' to 'ForQA'. (OPT-170)
Information: Changed wire load model for 'FA' from '(none)' to 'ForQA'. (OPT-170)
Information: Changed wire load model for 'HA' from '(none)' to 'ForQA'. (OPT-170)
Information: Changed wire load model for 'signed_3bit_MUL' from '(none)' to 'ForQA'. (OPT-170)
Information: Changed wire load model for 'bitbrick' from '(none)' to 'ForQA'. (OPT-170)
Information: Changed wire load model for 'bitbrick_shift' from '(none)' to 'ForQA'. (OPT-170)
Information: Changed wire load model for 'FA' from '(none)' to 'ForQA'. (OPT-170)
Information: Changed wire load model for 'HA' from '(none)' to 'ForQA'. (OPT-170)
Information: Changed wire load model for 'HA' from '(none)' to 'ForQA'. (OPT-170)
Information: Changed wire load model for 'FA' from '(none)' to 'ForQA'. (OPT-170)
Information: Changed wire load model for 'FA' from '(none)' to 'ForQA'. (OPT-170)
Information: Changed wire load model for 'HA' from '(none)' to 'ForQA'. (OPT-170)
Information: Changed wire load model for 'signed_3bit_MUL' from '(none)' to 'ForQA'. (OPT-170)
Information: Changed wire load model for 'bitbrick' from '(none)' to 'ForQA'. (OPT-170)
Information: Changed wire load model for 'bitbrick_shift' from '(none)' to 'ForQA'. (OPT-170)
Information: Changed wire load model for 'FA' from '(none)' to 'ForQA'. (OPT-170)
Information: Changed wire load model for 'HA' from '(none)' to 'ForQA'. (OPT-170)
Information: Changed wire load model for 'HA' from '(none)' to 'ForQA'. (OPT-170)
Information: Changed wire load model for 'FA' from '(none)' to 'ForQA'. (OPT-170)
Information: Changed wire load model for 'FA' from '(none)' to 'ForQA'. (OPT-170)
Information: Changed wire load model for 'HA' from '(none)' to 'ForQA'. (OPT-170)
Information: Changed wire load model for 'signed_3bit_MUL' from '(none)' to 'ForQA'. (OPT-170)
Information: Changed wire load model for 'bitbrick' from '(none)' to 'ForQA'. (OPT-170)
Information: Changed wire load model for 'bitbrick_shift' from '(none)' to 'ForQA'. (OPT-170)
Information: Changed wire load model for 'FA' from '(none)' to 'ForQA'. (OPT-170)
Information: Changed wire load model for 'HA' from '(none)' to 'ForQA'. (OPT-170)
Information: Changed wire load model for 'HA' from '(none)' to 'ForQA'. (OPT-170)
Information: Changed wire load model for 'FA' from '(none)' to 'ForQA'. (OPT-170)
Information: Changed wire load model for 'FA' from '(none)' to 'ForQA'. (OPT-170)
Information: Changed wire load model for 'HA' from '(none)' to 'ForQA'. (OPT-170)
Information: Changed wire load model for 'signed_3bit_MUL' from '(none)' to 'ForQA'. (OPT-170)
Information: Changed wire load model for 'bitbrick' from '(none)' to 'ForQA'. (OPT-170)
Information: Changed wire load model for 'bitbrick_shift' from '(none)' to 'ForQA'. (OPT-170)
Information: Changed wire load model for 'FA' from '(none)' to 'ForQA'. (OPT-170)
Information: Changed wire load model for 'HA' from '(none)' to 'ForQA'. (OPT-170)
Information: Changed wire load model for 'HA' from '(none)' to 'ForQA'. (OPT-170)
Information: Changed wire load model for 'FA' from '(none)' to 'ForQA'. (OPT-170)
Information: Changed wire load model for 'FA' from '(none)' to 'ForQA'. (OPT-170)
Information: Changed wire load model for 'HA' from '(none)' to 'ForQA'. (OPT-170)
Information: Changed wire load model for 'signed_3bit_MUL' from '(none)' to 'ForQA'. (OPT-170)
Information: Changed wire load model for 'bitbrick' from '(none)' to 'ForQA'. (OPT-170)
Information: Changed wire load model for 'bitbrick_shift' from '(none)' to 'ForQA'. (OPT-170)
Information: Changed wire load model for 'FA' from '(none)' to 'ForQA'. (OPT-170)
Information: Changed wire load model for 'HA' from '(none)' to 'ForQA'. (OPT-170)
Information: Changed wire load model for 'HA' from '(none)' to 'ForQA'. (OPT-170)
Information: Changed wire load model for 'FA' from '(none)' to 'ForQA'. (OPT-170)
Information: Changed wire load model for 'FA' from '(none)' to 'ForQA'. (OPT-170)
Information: Changed wire load model for 'HA' from '(none)' to 'ForQA'. (OPT-170)
Information: Changed wire load model for 'signed_3bit_MUL' from '(none)' to 'ForQA'. (OPT-170)
Information: Changed wire load model for 'bitbrick' from '(none)' to 'ForQA'. (OPT-170)
Information: Changed wire load model for 'bitbrick_shift' from '(none)' to 'ForQA'. (OPT-170)
Information: Changed wire load model for 'FA' from '(none)' to 'ForQA'. (OPT-170)
Information: Changed wire load model for 'HA' from '(none)' to 'ForQA'. (OPT-170)
Information: Changed wire load model for 'HA' from '(none)' to 'ForQA'. (OPT-170)
Information: Changed wire load model for 'FA' from '(none)' to 'ForQA'. (OPT-170)
Information: Changed wire load model for 'FA' from '(none)' to 'ForQA'. (OPT-170)
Information: Changed wire load model for 'HA' from '(none)' to 'ForQA'. (OPT-170)
Information: Changed wire load model for 'signed_3bit_MUL' from '(none)' to 'ForQA'. (OPT-170)
Information: Changed wire load model for 'bitbrick' from '(none)' to 'ForQA'. (OPT-170)
Information: Changed wire load model for 'bitbrick_shift' from '(none)' to 'ForQA'. (OPT-170)
Information: Changed wire load model for 'FA' from '(none)' to 'ForQA'. (OPT-170)
Information: Changed wire load model for 'HA' from '(none)' to 'ForQA'. (OPT-170)
Information: Changed wire load model for 'HA' from '(none)' to 'ForQA'. (OPT-170)
Information: Changed wire load model for 'FA' from '(none)' to 'ForQA'. (OPT-170)
Information: Changed wire load model for 'FA' from '(none)' to 'ForQA'. (OPT-170)
Information: Changed wire load model for 'HA' from '(none)' to 'ForQA'. (OPT-170)
Information: Changed wire load model for 'signed_3bit_MUL' from '(none)' to 'ForQA'. (OPT-170)
Information: Changed wire load model for 'bitbrick' from '(none)' to 'ForQA'. (OPT-170)
Information: Changed wire load model for 'bitbrick_shift' from '(none)' to 'ForQA'. (OPT-170)
Information: Changed wire load model for 'FA' from '(none)' to 'ForQA'. (OPT-170)
Information: Changed wire load model for 'HA' from '(none)' to 'ForQA'. (OPT-170)
Information: Changed wire load model for 'HA' from '(none)' to 'ForQA'. (OPT-170)
Information: Changed wire load model for 'FA' from '(none)' to 'ForQA'. (OPT-170)
Information: Changed wire load model for 'FA' from '(none)' to 'ForQA'. (OPT-170)
Information: Changed wire load model for 'HA' from '(none)' to 'ForQA'. (OPT-170)
Information: Changed wire load model for 'signed_3bit_MUL' from '(none)' to 'ForQA'. (OPT-170)
Information: Changed wire load model for 'bitbrick' from '(none)' to 'ForQA'. (OPT-170)
Information: Changed wire load model for 'bitbrick_shift' from '(none)' to 'ForQA'. (OPT-170)
Information: Changed wire load model for 'FA' from '(none)' to 'ForQA'. (OPT-170)
Information: Changed wire load model for 'HA' from '(none)' to 'ForQA'. (OPT-170)
Information: Changed wire load model for 'HA' from '(none)' to 'ForQA'. (OPT-170)
Information: Changed wire load model for 'FA' from '(none)' to 'ForQA'. (OPT-170)
Information: Changed wire load model for 'FA' from '(none)' to 'ForQA'. (OPT-170)
Information: Changed wire load model for 'HA' from '(none)' to 'ForQA'. (OPT-170)
Information: Changed wire load model for 'signed_3bit_MUL' from '(none)' to 'ForQA'. (OPT-170)
Information: Changed wire load model for 'bitbrick' from '(none)' to 'ForQA'. (OPT-170)
Information: Changed wire load model for 'bitbrick_shift' from '(none)' to 'ForQA'. (OPT-170)
Information: Changed wire load model for 'FA' from '(none)' to 'ForQA'. (OPT-170)
Information: Changed wire load model for 'HA' from '(none)' to 'ForQA'. (OPT-170)
Information: Changed wire load model for 'HA' from '(none)' to 'ForQA'. (OPT-170)
Information: Changed wire load model for 'FA' from '(none)' to 'ForQA'. (OPT-170)
Information: Changed wire load model for 'FA' from '(none)' to 'ForQA'. (OPT-170)
Information: Changed wire load model for 'HA' from '(none)' to 'ForQA'. (OPT-170)
Information: Changed wire load model for 'signed_3bit_MUL' from '(none)' to 'ForQA'. (OPT-170)
Information: Changed wire load model for 'bitbrick' from '(none)' to 'ForQA'. (OPT-170)
Information: Changed wire load model for 'bitbrick_shift' from '(none)' to 'ForQA'. (OPT-170)
Information: Changed wire load model for 'FA' from '(none)' to 'ForQA'. (OPT-170)
Information: Changed wire load model for 'HA' from '(none)' to 'ForQA'. (OPT-170)
Information: Changed wire load model for 'HA' from '(none)' to 'ForQA'. (OPT-170)
Information: Changed wire load model for 'FA' from '(none)' to 'ForQA'. (OPT-170)
Information: Changed wire load model for 'FA' from '(none)' to 'ForQA'. (OPT-170)
Information: Changed wire load model for 'HA' from '(none)' to 'ForQA'. (OPT-170)
Information: Changed wire load model for 'signed_3bit_MUL' from '(none)' to 'ForQA'. (OPT-170)
Information: Changed wire load model for 'bitbrick' from '(none)' to 'ForQA'. (OPT-170)
Information: Changed wire load model for 'bitbrick_shift' from '(none)' to 'ForQA'. (OPT-170)
Information: Changed wire load model for 'FA' from '(none)' to 'ForQA'. (OPT-170)
Information: Changed wire load model for 'HA' from '(none)' to 'ForQA'. (OPT-170)
Information: Changed wire load model for 'HA' from '(none)' to 'ForQA'. (OPT-170)
Information: Changed wire load model for 'FA' from '(none)' to 'ForQA'. (OPT-170)
Information: Changed wire load model for 'FA' from '(none)' to 'ForQA'. (OPT-170)
Information: Changed wire load model for 'HA' from '(none)' to 'ForQA'. (OPT-170)
Information: Changed wire load model for 'signed_3bit_MUL' from '(none)' to 'ForQA'. (OPT-170)
Information: Changed wire load model for 'bitbrick' from '(none)' to 'ForQA'. (OPT-170)
Information: Changed wire load model for 'bitbrick_shift' from '(none)' to 'ForQA'. (OPT-170)
Information: Changed wire load model for 'FA' from '(none)' to 'ForQA'. (OPT-170)
Information: Changed wire load model for 'HA' from '(none)' to 'ForQA'. (OPT-170)
Information: Changed wire load model for 'HA' from '(none)' to 'ForQA'. (OPT-170)
Information: Changed wire load model for 'FA' from '(none)' to 'ForQA'. (OPT-170)
Information: Changed wire load model for 'FA' from '(none)' to 'ForQA'. (OPT-170)
Information: Changed wire load model for 'HA' from '(none)' to 'ForQA'. (OPT-170)
Information: Changed wire load model for 'signed_3bit_MUL' from '(none)' to 'ForQA'. (OPT-170)
Information: Changed wire load model for 'bitbrick' from '(none)' to 'ForQA'. (OPT-170)
Information: Updating graph... (UID-83)
1
link

  Linking design 'PE'
  Using the following designs and libraries:
  --------------------------------------------------------------------------
  PE                          /home/espanol/RSSA_DC/bitfusion/PE.db
  saed32hvt_ss0p95v125c (library) /home/espanol/libraries/PDKS/SAED32_EDK_12162019/lib/stdcell_hvt/db_nldm/saed32hvt_ss0p95v125c.db
  saed32pll_ss0p95v125c_2p25v (library) /home/espanol/libraries/PDKS/SAED32_EDK_12162019/lib/pll/db_nldm/saed32pll_ss0p95v125c_2p25v.db
  saed32io_fc_ss0p95v125c_2p25v (library) /home/espanol/libraries/PDKS/SAED32_EDK_12162019/lib/io_std/db_nldm/saed32io_fc_ss0p95v125c_2p25v.db
  dw_foundation.sldb (library) /usr/synopsys/SYN/libraries/syn/dw_foundation.sldb

1
compile_ultra
Information: Performing power optimization. (PWR-850)
Alib files are up-to-date.
Information: Running optimization using a maximum of 16 cores. (OPT-1500)
Information: Evaluating DesignWare library utilization. (UISN-27)

============================================================================
| DesignWare Building Block Library  |         Version         | Available |
============================================================================
| Basic DW Building Blocks           | N-2017.09-DWBB_201709.3 |     *     |
| Licensed DW Building Blocks        | N-2017.09-DWBB_201709.3 |     *     |
============================================================================

Information: Sequential output inversion is enabled.  SVF file must be used for formal verification. (OPT-1208)

Information: There are 4 potential problems in your design. Please run 'check_design' for more information. (LINT-99)

  Simplifying Design 'PE'

  Loading target library 'saed32pll_ss0p95v125c_2p25v'
  Loading target library 'saed32io_fc_ss0p95v125c_2p25v'
Loaded alib file './alib-52/saed32hvt_ss0p95v125c.db.alib'
Loaded alib file './alib-52/saed32pll_ss0p95v125c_2p25v.db.alib' (placeholder)
Loaded alib file './alib-52/saed32io_fc_ss0p95v125c_2p25v.db.alib' (placeholder)
  Building model 'DW01_NAND2'
Information: Ungrouping 0 of 1 hierarchies before Pass 1 (OPT-775)
Information: State dependent leakage is now switched from on to off.

  Beginning Pass 1 Mapping
  ------------------------
  Processing 'PE'
 Implement Synthetic for 'PE'.
Information: Added key list 'DesignWare' to design 'PE'. (DDB-72)

  Updating timing information
Information: Updating design information... (UID-85)
Information: The library cell 'PMT3_HVT' in the library 'saed32hvt_ss0p95v125c' is not characterized for internal power. (PWR-536)
Information: The library cell 'PMT2_HVT' in the library 'saed32hvt_ss0p95v125c' is not characterized for internal power. (PWR-536)
Information: The library cell 'PMT1_HVT' in the library 'saed32hvt_ss0p95v125c' is not characterized for internal power. (PWR-536)
Information: The library cell 'NMT3_HVT' in the library 'saed32hvt_ss0p95v125c' is not characterized for internal power. (PWR-536)
Information: The library cell 'NMT2_HVT' in the library 'saed32hvt_ss0p95v125c' is not characterized for internal power. (PWR-536)
Information: The library cell 'NMT1_HVT' in the library 'saed32hvt_ss0p95v125c' is not characterized for internal power. (PWR-536)
Information: The target library(s) contains cell(s), other than black boxes, that are not characterized for internal power. (PWR-24)

Threshold voltage group cell usage:
>> saed32cell_hvt 100.00%, saed32cell_svt 0.00%

  Beginning Mapping Optimizations  (Ultra High effort)
  -------------------------------

Threshold voltage group cell usage:
>> saed32cell_hvt 100.00%, saed32cell_svt 0.00%

  Beginning Constant Register Removal
  -----------------------------------

Threshold voltage group cell usage:
>> saed32cell_hvt 100.00%, saed32cell_svt 0.00%

  Beginning Global Optimizations
  ------------------------------
  Numerical Synthesis (Phase 1)
  Numerical Synthesis (Phase 2)
  Global Optimization (Phase 1)
  Global Optimization (Phase 2)
  Global Optimization (Phase 3)
  Global Optimization (Phase 4)
  Global Optimization (Phase 5)
  Global Optimization (Phase 6)
  Global Optimization (Phase 7)
  Global Optimization (Phase 8)
  Global Optimization (Phase 9)
  Global Optimization (Phase 10)
  Global Optimization (Phase 11)
  Global Optimization (Phase 12)
  Global Optimization (Phase 13)
  Global Optimization (Phase 14)
  Global Optimization (Phase 15)
  Global Optimization (Phase 16)
  Global Optimization (Phase 17)
  Global Optimization (Phase 18)
  Global Optimization (Phase 19)
  Global Optimization (Phase 20)
  Global Optimization (Phase 21)
  Global Optimization (Phase 22)
  Global Optimization (Phase 23)
  Global Optimization (Phase 24)
  Global Optimization (Phase 25)
  Global Optimization (Phase 26)
  Global Optimization (Phase 27)
  Global Optimization (Phase 28)
  Global Optimization (Phase 29)

Threshold voltage group cell usage:
>> saed32cell_hvt 100.00%, saed32cell_svt 0.00%

  Beginning Isolate Ports
  -----------------------

Threshold voltage group cell usage:
>> saed32cell_hvt 100.00%, saed32cell_svt 0.00%

  Beginning Delay Optimization
  ----------------------------

                                  TOTAL                                                
   ELAPSED            WORST NEG   SETUP    DESIGN                              LEAKAGE 
    TIME      AREA      SLACK     COST    RULE COST         ENDPOINT            POWER  
  --------- --------- --------- --------- --------- ------------------------- ---------
    0:00:05    3489.9      0.00       0.0       0.0                           48771028.0000
    0:00:05    3489.9      0.00       0.0       0.0                           48771028.0000
    0:00:05    3489.9      0.00       0.0       0.0                           48771028.0000
    0:00:05    3489.9      0.00       0.0       0.0                           48771028.0000

Threshold voltage group cell usage:
>> saed32cell_hvt 100.00%, saed32cell_svt 0.00%

  Beginning WLM Backend Optimization
  --------------------------------------
    0:00:06    3485.8      0.00       0.0       0.0                           48667616.0000
    0:00:06    3485.6      0.00       0.0       0.0                           48647184.0000
    0:00:06    3485.6      0.00       0.0       0.0                           48647184.0000
    0:00:06    3485.6      0.00       0.0       0.0                           48647184.0000
    0:00:06    3485.6      0.00       0.0       0.0                           48647184.0000
    0:00:06    3485.6      0.00       0.0       0.0                           48647184.0000
    0:00:06    3485.6      0.00       0.0       0.0                           48647184.0000
    0:00:06    3485.6      0.00       0.0       0.0                           48647184.0000
    0:00:06    3485.6      0.00       0.0       0.0                           48647184.0000
    0:00:06    3485.6      0.00       0.0       0.0                           48647184.0000
    0:00:06    3485.6      0.00       0.0       0.0                           48647184.0000
    0:00:06    3485.6      0.00       0.0       0.0                           48647184.0000
    0:00:06    3485.6      0.00       0.0       0.0                           48647184.0000
    0:00:06    3485.6      0.00       0.0       0.0                           48647184.0000
    0:00:06    3485.6      0.00       0.0       0.0                           48647184.0000
    0:00:06    3485.6      0.00       0.0       0.0                           48647184.0000
    0:00:06    3485.6      0.00       0.0       0.0                           48647184.0000
    0:00:06    3485.6      0.00       0.0       0.0                           48647184.0000
    0:00:06    3485.6      0.00       0.0       0.0                           48647184.0000
    0:00:06    3485.6      0.00       0.0       0.0                           48647184.0000
    0:00:06    3485.6      0.00       0.0       0.0                           48647184.0000
    0:00:06    3485.6      0.00       0.0       0.0                           48647184.0000

Threshold voltage group cell usage:
>> saed32cell_hvt 100.00%, saed32cell_svt 0.00%


  Beginning Leakage Power Optimization  (max_leakage_power 0)
  ------------------------------------

                                  TOTAL                                                
   ELAPSED            WORST NEG   SETUP    DESIGN                              LEAKAGE 
    TIME      AREA      SLACK     COST    RULE COST         ENDPOINT            POWER  
  --------- --------- --------- --------- --------- ------------------------- ---------
    0:00:06    3485.6      0.00       0.0       0.0                           48647184.0000
  Global Optimization (Phase 30)
  Global Optimization (Phase 31)
  Global Optimization (Phase 32)
  Global Optimization (Phase 33)
  Global Optimization (Phase 34)
  Global Optimization (Phase 35)
  Global Optimization (Phase 36)
  Global Optimization (Phase 37)
  Global Optimization (Phase 38)
  Global Optimization (Phase 39)
  Global Optimization (Phase 40)
    0:00:06    3501.9      0.00       0.0       0.0                           45769064.0000
    0:00:06    3501.9      0.00       0.0       0.0                           45769064.0000
    0:00:06    3501.9      0.00       0.0       0.0                           45769064.0000
    0:00:06    3501.9      0.00       0.0       0.0                           45769064.0000
    0:00:06    3501.9      0.00       0.0       0.0                           45769064.0000
    0:00:06    3501.9      0.00       0.0       0.0                           45769064.0000
    0:00:06    3501.9      0.00       0.0       0.0                           45769064.0000
    0:00:06    3501.9      0.00       0.0       0.0                           45769064.0000
    0:00:06    3501.9      0.00       0.0       0.0                           45769064.0000
    0:00:06    3501.9      0.00       0.0       0.0                           45769064.0000
    0:00:06    3501.9      0.00       0.0       0.0                           45769064.0000
    0:00:06    3501.9      0.00       0.0       0.0                           45769064.0000
    0:00:06    3501.9      0.00       0.0       0.0                           45769064.0000
    0:00:06    3501.9      0.00       0.0       0.0                           45769064.0000
    0:00:06    3501.9      0.00       0.0       0.0                           45769064.0000
    0:00:06    3501.9      0.00       0.0       0.0                           45769064.0000
    0:00:06    3501.9      0.00       0.0       0.0                           45769064.0000
    0:00:06    3501.9      0.00       0.0       0.0                           45769064.0000
    0:00:06    3501.9      0.00       0.0       0.0                           45769064.0000
    0:00:06    3501.9      0.00       0.0       0.0                           45769064.0000
    0:00:06    3501.9      0.00       0.0       0.0                           45769064.0000
    0:00:06    3501.9      0.00       0.0       0.0                           45769064.0000

                                  TOTAL                                                
   ELAPSED            WORST NEG   SETUP    DESIGN                              LEAKAGE 
    TIME      AREA      SLACK     COST    RULE COST         ENDPOINT            POWER  
  --------- --------- --------- --------- --------- ------------------------- ---------
    0:00:06    3501.9      0.00       0.0       0.0                           45769064.0000
    0:00:06    3501.9      0.00       0.0       0.0                           45769064.0000
    0:00:06    3501.9      0.00       0.0       0.0                           45769064.0000
    0:00:06    3501.9      0.00       0.0       0.0                           45769064.0000
    0:00:06    3501.9      0.00       0.0       0.0                           45769064.0000
    0:00:06    3481.5      0.00       0.0       0.0                           45684308.0000
    0:00:06    3481.5      0.00       0.0       0.0                           45684308.0000
    0:00:06    3481.5      0.00       0.0       0.0                           45684308.0000
    0:00:06    3481.5      0.00       0.0       0.0                           45684308.0000
Loading db file '/home/espanol/libraries/PDKS/SAED32_EDK_12162019/lib/stdcell_hvt/db_nldm/saed32hvt_ss0p95v125c.db'
Loading db file '/home/espanol/libraries/PDKS/SAED32_EDK_12162019/lib/pll/db_nldm/saed32pll_ss0p95v125c_2p25v.db'
Loading db file '/home/espanol/libraries/PDKS/SAED32_EDK_12162019/lib/io_std/db_nldm/saed32io_fc_ss0p95v125c_2p25v.db'


Note: Symbol # after min delay cost means estimated hold TNS across all active scenarios 


  Optimization Complete
  ---------------------
  Loading target library 'saed32pll_ss0p95v125c_2p25v'
  Loading target library 'saed32io_fc_ss0p95v125c_2p25v'
Information: State dependent leakage is now switched from off to on.
Information: Propagating switching activity (low effort zero delay simulation). (PWR-6)
1
#compile
report_design > $design_dir/column_design
report_synthetic > $reports/dir/column_synthetic
Error: can't read "reports": no such variable
	Use error_info for more info. (CMD-013)
report_timing > $final_reports_dir/column_timing.txt
sh cat $final_reports_dir/column_timing.txt
 
****************************************
Report : timing
        -path full
        -delay max
        -max_paths 1
Design : PE
Version: N-2017.09-SP3
Date   : Sat Nov 20 21:50:29 2021
****************************************

Operating Conditions: ss0p95v125c   Library: saed32hvt_ss0p95v125c
Wire Load Model Mode: enclosed

  Startpoint: y[0] (input port)
  Endpoint: PE_sum[19] (output port)
  Path Group: (none)
  Path Type: max

  Des/Clust/Port     Wire Load Model       Library
  ------------------------------------------------
  PE                 8000                  saed32hvt_ss0p95v125c

  Point                                    Incr       Path
  -----------------------------------------------------------
  input external delay                     0.00       0.00 r
  y[0] (in)                                0.00       0.00 r
  U1149/Y (NAND2X0_HVT)                    0.08       0.08 f
  U1154/Y (NAND3X0_HVT)                    0.08       0.15 r
  U1155/SO (HADDX1_HVT)                    0.18       0.33 f
  U983/Y (INVX0_HVT)                       0.04       0.36 r
  U1157/Y (NAND2X0_HVT)                    0.06       0.42 f
  U1158/Y (NOR2X0_HVT)                     0.12       0.55 r
  U1161/Y (NAND2X0_HVT)                    0.11       0.66 f
  U1446/Y (NAND2X0_HVT)                    0.09       0.75 r
  U1447/Y (AND2X1_HVT)                     0.10       0.85 r
  U1448/Y (AO22X1_HVT)                     0.10       0.95 r
  U2027/Y (NOR2X0_HVT)                     0.12       1.07 f
  U2050/S (FADDX1_HVT)                     0.21       1.28 r
  U2054/S (FADDX1_HVT)                     0.24       1.51 f
  U2055/S (FADDX1_HVT)                     0.21       1.72 r
  intadd_7/U3/S (FADDX1_HVT)               0.24       1.96 f
  intadd_14/U2/S (FADDX1_HVT)              0.22       2.18 r
  intadd_0/U16/CO (FADDX1_HVT)             0.15       2.33 r
  intadd_0/U15/CO (FADDX1_HVT)             0.14       2.47 r
  intadd_0/U14/CO (FADDX1_HVT)             0.14       2.62 r
  intadd_0/U13/CO (FADDX1_HVT)             0.14       2.76 r
  intadd_0/U12/CO (FADDX1_HVT)             0.14       2.90 r
  intadd_0/U11/CO (FADDX1_HVT)             0.14       3.04 r
  intadd_0/U10/CO (FADDX1_HVT)             0.14       3.18 r
  intadd_0/U9/CO (FADDX1_HVT)              0.14       3.33 r
  intadd_0/U8/CO (FADDX1_HVT)              0.14       3.47 r
  intadd_0/U7/CO (FADDX1_HVT)              0.14       3.61 r
  intadd_0/U6/CO (FADDX1_HVT)              0.14       3.75 r
  intadd_0/U5/CO (FADDX1_HVT)              0.14       3.89 r
  intadd_0/U4/CO (FADDX1_HVT)              0.14       4.04 r
  intadd_0/U3/CO (FADDX1_HVT)              0.14       4.18 r
  intadd_0/U2/CO (FADDX1_HVT)              0.14       4.31 r
  U2087/Y (XNOR3X1_HVT)                    0.28       4.59 r
  PE_sum[19] (out)                         0.00       4.59 r
  data arrival time                                   4.59
  -----------------------------------------------------------
  (Path is unconstrained)


1
# set current design PE.v
report_area > $final_reports_dir/column_area.txt
sh cat $final_reports_dir/column_area.txt
 
****************************************
Report : area
Design : PE
Version: N-2017.09-SP3
Date   : Sat Nov 20 21:50:29 2021
****************************************

Library(s) Used:

    saed32hvt_ss0p95v125c (File: /home/espanol/libraries/PDKS/SAED32_EDK_12162019/lib/stdcell_hvt/db_nldm/saed32hvt_ss0p95v125c.db)

Number of ports:                          162
Number of nets:                          1704
Number of cells:                         1310
Number of combinational cells:           1310
Number of sequential cells:                 0
Number of macros/black boxes:               0
Number of buf/inv:                        185
Number of references:                      21

Combinational area:               3481.518624
Buf/Inv area:                      235.083201
Noncombinational area:               0.000000
Macro/Black Box area:                0.000000
Net Interconnect area:             626.967772

Total cell area:                  3481.518624
Total area:                       4108.486396
1
report_power > $final_reports_dir/column_power.txt
sh cat $final_reports_dir/column_power.txt
 
****************************************
Report : power
        -analysis_effort low
Design : PE
Version: N-2017.09-SP3
Date   : Sat Nov 20 21:50:29 2021
****************************************


Library(s) Used:

    saed32hvt_ss0p95v125c (File: /home/espanol/libraries/PDKS/SAED32_EDK_12162019/lib/stdcell_hvt/db_nldm/saed32hvt_ss0p95v125c.db)


Operating Conditions: ss0p95v125c   Library: saed32hvt_ss0p95v125c
Wire Load Model Mode: enclosed

Design        Wire Load Model            Library
------------------------------------------------
PE                     8000              saed32hvt_ss0p95v125c


Global Operating Voltage = 0.95 
Power-specific unit information :
    Voltage Units = 1V
    Capacitance Units = 1.000000ff
    Time Units = 1ns
    Dynamic Power Units = 1uW    (derived from V,C,T units)
    Leakage Power Units = 1pW


  Cell Internal Power  = 202.2330 uW   (73%)
  Net Switching Power  =  74.7128 uW   (27%)
                         ---------
Total Dynamic Power    = 276.9458 uW  (100%)

Cell Leakage Power     =  43.7233 uW


                 Internal         Switching           Leakage            Total
Power Group      Power            Power               Power              Power   (   %    )  Attrs
--------------------------------------------------------------------------------------------------
io_pad             0.0000            0.0000            0.0000            0.0000  (   0.00%)
memory             0.0000            0.0000            0.0000            0.0000  (   0.00%)
black_box          0.0000            0.0000            0.0000            0.0000  (   0.00%)
clock_network      0.0000            0.0000            0.0000            0.0000  (   0.00%)
register           0.0000            0.0000            0.0000            0.0000  (   0.00%)
sequential         0.0000            0.0000            0.0000            0.0000  (   0.00%)
combinational    202.2329           74.7127        4.3723e+07          320.6691  ( 100.00%)
--------------------------------------------------------------------------------------------------
Total            202.2329 uW        74.7127 uW     4.3723e+07 pW       320.6691 uW
1
write_file -f verilog -hier -output ./output/column_syn.v
Writing verilog file '/home/espanol/RSSA_DC/bitfusion/output/column_syn.v'.
1
write_file -f ddc -hier -output ./output/column_syn.ddc
Writing ddc file './output/column_syn.ddc'.
1
#exit
Warning: Cannot use command line editor for terminal type 'xterm-256color'.  (UI-74)
dc_shell> 